<?xml version="1.0" encoding="UTF-8"?>
<!-- Generated by org.testng.reporters.JUnitXMLReporter -->
<testsuite ignored="0" hostname="LAPTOP-6GBMS8UA" failures="0" tests="4" name="Default test" time="1.873" errors="0" timestamp="2024-08-19T14:43:47 IST">
  <testcase classname="excelFileHandling.ExcelFiles" name="cc" time="1.268"/>
  <testcase classname="excelFileHandling.ExcelFiles" name="getData" time="0.106"/>
  <testcase classname="excelFileHandling.ExcelFiles" name="rc" time="0.073"/>
  <testcase classname="excelFileHandling.ExcelFiles" name="write" time="0.302"/>
</testsuite> <!-- Default test -->
