<?xml version="1.0" encoding="UTF-8"?>
<testng-results ignored="0" total="4" passed="4" failed="0" skipped="0">
  <reporter-output>
  </reporter-output>
  <suite started-at="2024-08-19T14:43:45 IST" name="Default suite" finished-at="2024-08-19T14:43:47 IST" duration-ms="1873">
    <groups>
    </groups>
    <test started-at="2024-08-19T14:43:45 IST" name="Default test" finished-at="2024-08-19T14:43:47 IST" duration-ms="1873">
      <class name="excelFileHandling.ExcelFiles">
        <test-method signature="cc()[pri:0, instance:excelFileHandling.ExcelFiles@7161d8d1]" started-at="2024-08-19T14:43:45 IST" name="cc" finished-at="2024-08-19T14:43:46 IST" duration-ms="1268" status="PASS">
          <reporter-output>
          </reporter-output>
        </test-method> <!-- cc -->
        <test-method signature="getData()[pri:0, instance:excelFileHandling.ExcelFiles@7161d8d1]" started-at="2024-08-19T14:43:46 IST" name="getData" finished-at="2024-08-19T14:43:46 IST" duration-ms="106" status="PASS">
          <reporter-output>
          </reporter-output>
        </test-method> <!-- getData -->
        <test-method signature="rc()[pri:0, instance:excelFileHandling.ExcelFiles@7161d8d1]" started-at="2024-08-19T14:43:46 IST" name="rc" finished-at="2024-08-19T14:43:46 IST" duration-ms="73" status="PASS">
          <reporter-output>
          </reporter-output>
        </test-method> <!-- rc -->
        <test-method signature="write()[pri:0, instance:excelFileHandling.ExcelFiles@7161d8d1]" started-at="2024-08-19T14:43:46 IST" name="write" finished-at="2024-08-19T14:43:47 IST" duration-ms="302" status="PASS">
          <reporter-output>
          </reporter-output>
        </test-method> <!-- write -->
      </class> <!-- excelFileHandling.ExcelFiles -->
    </test> <!-- Default test -->
  </suite> <!-- Default suite -->
</testng-results>
